{"/home/bram/nodeJs_graphql_API_TSandJS/src/controller/hotel.ts": {"path":"/home/bram/nodeJs_graphql_API_TSandJS/src/controller/hotel.ts","statementMap":{"0":{"start":{"line":2,"column":0},"end":{"line":2,"column":40}},"1":{"start":{"line":4,"column":34},"end":{"line":4,"column":52}},"2":{"start":{"line":6,"column":4},"end":{"line":10,"column":10}},"3":{"start":{"line":11,"column":20},"end":{"line":13,"column":31}},"4":{"start":{"line":15,"column":2},"end":{"line":15,"column":35}},"5":{"start":{"line":16,"column":2},"end":{"line":16,"column":16}},"6":{"start":{"line":3,"column":0},"end":{"line":3,"column":7}},"7":{"start":{"line":20,"column":34},"end":{"line":20,"column":52}},"8":{"start":{"line":21,"column":20},"end":{"line":54,"column":4}},"9":{"start":{"line":55,"column":10},"end":{"line":55,"column":11}},"10":{"start":{"line":56,"column":20},"end":{"line":70,"column":6}},"11":{"start":{"line":57,"column":21},"end":{"line":57,"column":108}},"12":{"start":{"line":59,"column":6},"end":{"line":69,"column":13}},"13":{"start":{"line":71,"column":2},"end":{"line":71,"column":35}},"14":{"start":{"line":72,"column":2},"end":{"line":72,"column":16}},"15":{"start":{"line":19,"column":0},"end":{"line":19,"column":7}}},"fnMap":{"0":{"name":"hotelConnections","decl":{"start":{"line":3,"column":22},"end":{"line":3,"column":38}},"loc":{"start":{"line":3,"column":80},"end":{"line":17,"column":1}}},"1":{"name":"hotelWithOutDB","decl":{"start":{"line":19,"column":22},"end":{"line":19,"column":36}},"loc":{"start":{"line":19,"column":78},"end":{"line":73,"column":1}}},"2":{"name":"(anonymous_2)","decl":{"start":{"line":57,"column":10},"end":{"line":57,"column":11}},"loc":{"start":{"line":57,"column":21},"end":{"line":57,"column":108}}},"3":{"name":"(anonymous_3)","decl":{"start":{"line":58,"column":12},"end":{"line":58,"column":13}},"loc":{"start":{"line":58,"column":23},"end":{"line":70,"column":5}}}},"branchMap":{"0":{"loc":{"start":{"line":6,"column":4},"end":{"line":10,"column":10}},"type":"cond-expr","locations":[{"start":{"line":7,"column":8},"end":{"line":9,"column":null}},{"start":{"line":10,"column":8},"end":{"line":10,"column":10}}]},"1":{"loc":{"start":{"line":6,"column":4},"end":{"line":6,"column":35}},"type":"binary-expr","locations":[{"start":{"line":6,"column":4},"end":{"line":6,"column":25}},{"start":{"line":6,"column":29},"end":{"line":6,"column":35}}]},"2":{"loc":{"start":{"line":8,"column":25},"end":{"line":8,"column":96}},"type":"cond-expr","locations":[{"start":{"line":8,"column":43},"end":{"line":8,"column":68}},{"start":{"line":8,"column":71},"end":{"line":8,"column":96}}]},"3":{"loc":{"start":{"line":12,"column":10},"end":{"line":12,"column":72}},"type":"cond-expr","locations":[{"start":{"line":12,"column":28},"end":{"line":12,"column":49}},{"start":{"line":12,"column":52},"end":{"line":12,"column":72}}]},"4":{"loc":{"start":{"line":57,"column":21},"end":{"line":57,"column":108}},"type":"cond-expr","locations":[{"start":{"line":57,"column":39},"end":{"line":57,"column":72}},{"start":{"line":57,"column":75},"end":{"line":57,"column":108}}]},"5":{"loc":{"start":{"line":59,"column":13},"end":{"line":69,"column":12}},"type":"cond-expr","locations":[{"start":{"line":60,"column":10},"end":{"line":66,"column":14}},{"start":{"line":67,"column":10},"end":{"line":69,"column":12}}]},"6":{"loc":{"start":{"line":59,"column":13},"end":{"line":59,"column":44}},"type":"binary-expr","locations":[{"start":{"line":59,"column":13},"end":{"line":59,"column":34}},{"start":{"line":59,"column":38},"end":{"line":59,"column":44}}]},"7":{"loc":{"start":{"line":60,"column":10},"end":{"line":66,"column":14}},"type":"cond-expr","locations":[{"start":{"line":61,"column":12},"end":{"line":63,"column":16}},{"start":{"line":64,"column":12},"end":{"line":66,"column":14}}]},"8":{"loc":{"start":{"line":61,"column":12},"end":{"line":63,"column":16}},"type":"cond-expr","locations":[{"start":{"line":62,"column":14},"end":{"line":62,"column":17}},{"start":{"line":63,"column":14},"end":{"line":63,"column":16}}]},"9":{"loc":{"start":{"line":61,"column":12},"end":{"line":61,"column":73}},"type":"binary-expr","locations":[{"start":{"line":61,"column":12},"end":{"line":61,"column":46}},{"start":{"line":61,"column":50},"end":{"line":61,"column":73}}]},"10":{"loc":{"start":{"line":64,"column":12},"end":{"line":66,"column":14}},"type":"cond-expr","locations":[{"start":{"line":65,"column":12},"end":{"line":65,"column":15}},{"start":{"line":66,"column":12},"end":{"line":66,"column":14}}]},"11":{"loc":{"start":{"line":64,"column":12},"end":{"line":64,"column":73}},"type":"binary-expr","locations":[{"start":{"line":64,"column":12},"end":{"line":64,"column":46}},{"start":{"line":64,"column":50},"end":{"line":64,"column":73}}]},"12":{"loc":{"start":{"line":67,"column":10},"end":{"line":69,"column":12}},"type":"cond-expr","locations":[{"start":{"line":68,"column":10},"end":{"line":68,"column":13}},{"start":{"line":69,"column":10},"end":{"line":69,"column":12}}]}},"s":{"0":0,"1":0,"2":0,"3":0,"4":0,"5":0,"6":0,"7":0,"8":0,"9":0,"10":0,"11":0,"12":0,"13":0,"14":0,"15":0},"f":{"0":0,"1":0,"2":0,"3":0},"b":{"0":[0,0],"1":[0,0],"2":[0,0],"3":[0,0],"4":[0,0],"5":[0,0],"6":[0,0],"7":[0,0],"8":[0,0],"9":[0,0],"10":[0,0],"11":[0,0],"12":[0,0]}}
,"/home/bram/nodeJs_graphql_API_TSandJS/src/graphql/hotel.ts": {"path":"/home/bram/nodeJs_graphql_API_TSandJS/src/graphql/hotel.ts","statementMap":{"0":{"start":{"line":1,"column":0},"end":{"line":1,"column":40}},"1":{"start":{"line":2,"column":0},"end":{"line":2,"column":59}},"2":{"start":{"line":3,"column":0},"end":{"line":3,"column":72}},"3":{"start":{"line":5,"column":16},"end":{"line":5,"column":38}},"4":{"start":{"line":7,"column":19},"end":{"line":12,"column":2}},"5":{"start":{"line":14,"column":21},"end":{"line":19,"column":2}},"6":{"start":{"line":21,"column":13},"end":{"line":66,"column":66}},"7":{"start":{"line":23,"column":30},"end":{"line":64,"column":3}},"8":{"start":{"line":24,"column":25},"end":{"line":24,"column":32}},"9":{"start":{"line":25,"column":17},"end":{"line":58,"column":6}},"10":{"start":{"line":59,"column":4},"end":{"line":62,"column":6}},"11":{"start":{"line":63,"column":4},"end":{"line":63,"column":20}},"12":{"start":{"line":68,"column":13},"end":{"line":90,"column":5}},"13":{"start":{"line":76,"column":6},"end":{"line":76,"column":39}}},"fnMap":{"0":{"name":"(anonymous_0)","decl":{"start":{"line":23,"column":15},"end":{"line":23,"column":16}},"loc":{"start":{"line":23,"column":30},"end":{"line":64,"column":3}}},"1":{"name":"(anonymous_1)","decl":{"start":{"line":23,"column":30},"end":{"line":23,"column":35}},"loc":{"start":{"line":23,"column":76},"end":{"line":64,"column":3}}},"2":{"name":"(anonymous_2)","decl":{"start":{"line":75,"column":11},"end":{"line":75,"column":12}},"loc":{"start":{"line":75,"column":43},"end":{"line":77,"column":5}}}},"branchMap":{"0":{"loc":{"start":{"line":61,"column":15},"end":{"line":61,"column":37}},"type":"cond-expr","locations":[{"start":{"line":61,"column":22},"end":{"line":61,"column":26}},{"start":{"line":61,"column":29},"end":{"line":61,"column":37}}]}},"s":{"0":1,"1":1,"2":1,"3":1,"4":1,"5":1,"6":1,"7":1,"8":0,"9":0,"10":0,"11":0,"12":1,"13":0},"f":{"0":1,"1":0,"2":0},"b":{"0":[0,0]}}
,"/home/bram/nodeJs_graphql_API_TSandJS/src/graphql/index.ts": {"path":"/home/bram/nodeJs_graphql_API_TSandJS/src/graphql/index.ts","statementMap":{"0":{"start":{"line":1,"column":0},"end":{"line":1,"column":49}},"1":{"start":{"line":2,"column":0},"end":{"line":2,"column":59}},"2":{"start":{"line":4,"column":0},"end":{"line":6,"column":3}},"3":{"start":{"line":8,"column":0},"end":{"line":10,"column":3}},"4":{"start":{"line":12,"column":13},"end":{"line":12,"column":58}}},"fnMap":{},"branchMap":{},"s":{"0":1,"1":1,"2":1,"3":1,"4":1},"f":{},"b":{}}
,"/home/bram/nodeJs_graphql_API_TSandJS/src/middleware/paging.ts": {"path":"/home/bram/nodeJs_graphql_API_TSandJS/src/middleware/paging.ts","statementMap":{"0":{"start":{"line":6,"column":33},"end":{"line":6,"column":50}},"1":{"start":{"line":8,"column":2},"end":{"line":12,"column":4}},"2":{"start":{"line":14,"column":2},"end":{"line":14,"column":15}},"3":{"start":{"line":15,"column":21},"end":{"line":15,"column":38}},"4":{"start":{"line":16,"column":18},"end":{"line":16,"column":74}},"5":{"start":{"line":17,"column":2},"end":{"line":17,"column":40}},"6":{"start":{"line":20,"column":2},"end":{"line":23,"column":null}},"7":{"start":{"line":21,"column":4},"end":{"line":21,"column":77}},"8":{"start":{"line":22,"column":4},"end":{"line":22,"column":17}},"9":{"start":{"line":24,"column":2},"end":{"line":30,"column":4}},"10":{"start":{"line":5,"column":0},"end":{"line":5,"column":7}}},"fnMap":{"0":{"name":"Paging","decl":{"start":{"line":5,"column":22},"end":{"line":5,"column":28}},"loc":{"start":{"line":5,"column":70},"end":{"line":31,"column":1}}}},"branchMap":{"0":{"loc":{"start":{"line":20,"column":2},"end":{"line":23,"column":null}},"type":"if","locations":[{"start":{"line":20,"column":2},"end":{"line":23,"column":null}}]}},"s":{"0":0,"1":0,"2":0,"3":0,"4":0,"5":0,"6":0,"7":0,"8":0,"9":0,"10":0},"f":{"0":0},"b":{"0":[0]}}
}
