TN:
SF:src/controller/hotel.ts
FN:3,hotelConnections
FN:19,hotelWithOutDB
FN:57,(anonymous_2)
FN:58,(anonymous_3)
FNF:4
FNH:0
FNDA:0,hotelConnections
FNDA:0,hotelWithOutDB
FNDA:0,(anonymous_2)
FNDA:0,(anonymous_3)
DA:2,0
DA:3,0
DA:4,0
DA:6,0
DA:11,0
DA:15,0
DA:16,0
DA:19,0
DA:20,0
DA:21,0
DA:55,0
DA:56,0
DA:57,0
DA:59,0
DA:71,0
DA:72,0
LF:16
LH:0
BRDA:6,0,0,0
BRDA:6,0,1,0
BRDA:6,1,0,0
BRDA:6,1,1,0
BRDA:8,2,0,0
BRDA:8,2,1,0
BRDA:12,3,0,0
BRDA:12,3,1,0
BRDA:57,4,0,0
BRDA:57,4,1,0
BRDA:59,5,0,0
BRDA:59,5,1,0
BRDA:59,6,0,0
BRDA:59,6,1,0
BRDA:60,7,0,0
BRDA:60,7,1,0
BRDA:61,8,0,0
BRDA:61,8,1,0
BRDA:61,9,0,0
BRDA:61,9,1,0
BRDA:64,10,0,0
BRDA:64,10,1,0
BRDA:64,11,0,0
BRDA:64,11,1,0
BRDA:67,12,0,0
BRDA:67,12,1,0
BRF:26
BRH:0
end_of_record
TN:
SF:src/graphql/hotel.ts
FN:23,(anonymous_0)
FN:23,(anonymous_1)
FN:75,(anonymous_2)
FNF:3
FNH:1
FNDA:1,(anonymous_0)
FNDA:0,(anonymous_1)
FNDA:0,(anonymous_2)
DA:1,1
DA:2,1
DA:3,1
DA:5,1
DA:7,1
DA:14,1
DA:21,1
DA:23,1
DA:24,0
DA:25,0
DA:59,0
DA:63,0
DA:68,1
DA:76,0
LF:14
LH:9
BRDA:61,0,0,0
BRDA:61,0,1,0
BRF:2
BRH:0
end_of_record
TN:
SF:src/graphql/index.ts
FNF:0
FNH:0
DA:1,1
DA:2,1
DA:4,1
DA:8,1
DA:12,1
LF:5
LH:5
BRF:0
BRH:0
end_of_record
TN:
SF:src/middleware/paging.ts
FN:5,Paging
FNF:1
FNH:0
FNDA:0,Paging
DA:5,0
DA:6,0
DA:8,0
DA:14,0
DA:15,0
DA:16,0
DA:17,0
DA:20,0
DA:21,0
DA:22,0
DA:24,0
LF:11
LH:0
BRDA:20,0,0,0
BRF:1
BRH:0
end_of_record
